<?xml version="1.0" encoding="UTF-8"?>
<!-- Generated by org.testng.reporters.JUnitReportReporter -->
<testsuite hostname="DESKTOP-2VDIUSM" failures="0" tests="3" name="RestAPI" time="4.828" errors="0" timestamp="2024-12-07T16:19:14 IST" skipped="0">
  <testcase classname="RestAPI" name="createUser" time="3.885"/>
  <system-out/>
  <testcase classname="RestAPI" name="UpdateUser" time="0.414"/>
  <system-out/>
  <testcase classname="RestAPI" name="DeleteUser" time="0.529"/>
  <system-out/>
</testsuite> <!-- RestAPI -->
