<?xml version="1.0" encoding="UTF-8"?>
<!-- Generated by org.testng.reporters.JUnitReportReporter -->
<testsuite hostname="DESKTOP-2VDIUSM" failures="0" tests="2" name="RestAPI" time="3.980" errors="0" timestamp="2024-12-07T15:35:55 IST" skipped="0">
  <testcase classname="RestAPI" name="testGetRequest" time="0.523"/>
  <system-out/>
  <testcase classname="RestAPI" name="add" time="3.457"/>
  <system-out/>
</testsuite> <!-- RestAPI -->
